# JRE version: Java(TM) SE Runtime Environment (8.0_121-b13) (build 1.8.0_121-b13)
# Java VM: Java HotSpot(TM) 64-Bit Server VM (25.121-b13 mixed mode windows-amd64 compressed oops)
Heap:
 PSYoungGen      total 246272K, used 52139K [0x00000000eab00000, 0x00000000fbb00000, 0x0000000100000000)
  eden space 237056K, 18% used [0x00000000eab00000,0x00000000ed4ee678,0x00000000f9280000)
  from space 9216K, 99% used [0x00000000fb200000,0x00000000fbafc8f0,0x00000000fbb00000)
  to   space 10752K, 0% used [0x00000000fa600000,0x00000000fa600000,0x00000000fb080000)
 ParOldGen       total 35328K, used 10965K [0x00000000c0000000, 0x00000000c2280000, 0x00000000eab00000)
  object space 35328K, 31% used [0x00000000c0000000,0x00000000c0ab56d8,0x00000000c2280000)
 Metaspace       used 34737K, capacity 35096K, committed 35456K, reserved 1081344K
  class space    used 4367K, capacity 4451K, committed 4480K, reserved 1048576K
GC Heap History (10 events):
Event: 2.345 GC heap before
{Heap before GC invocations=5 (full 0):
 PSYoungGen      total 68096K, used 68070K [0x00000000eab00000, 0x00000000ef000000, 0x0000000100000000)
  eden space 65536K, 100% used [0x00000000eab00000,0x00000000eeb00000,0x00000000eeb00000)
  from space 2560K, 99% used [0x00000000eed80000,0x00000000eeff9a48,0x00000000ef000000)
  to   space 2560K, 0% used [0x00000000eeb00000,0x00000000eeb00000,0x00000000eed80000)
 ParOldGen       total 44032K, used 3866K [0x00000000c0000000, 0x00000000c2b00000, 0x00000000eab00000)
  object space 44032K, 8% used [0x00000000c0000000,0x00000000c03c69f8,0x00000000c2b00000)
 Metaspace       used 17383K, capacity 17514K, committed 17792K, reserved 1064960K
  class space    used 2144K, capacity 2175K, committed 2176K, reserved 1048576K
Event: 2.354 GC heap after
Heap after GC invocations=5 (full 0):
 PSYoungGen      total 68096K, used 2532K [0x00000000eab00000, 0x00000000f3c00000, 0x0000000100000000)
  eden space 65536K, 0% used [0x00000000eab00000,0x00000000eab00000,0x00000000eeb00000)
  from space 2560K, 98% used [0x00000000eeb00000,0x00000000eed791b0,0x00000000eed80000)
  to   space 8704K, 0% used [0x00000000f3380000,0x00000000f3380000,0x00000000f3c00000)
 ParOldGen       total 44032K, used 10032K [0x00000000c0000000, 0x00000000c2b00000, 0x00000000eab00000)
  object space 44032K, 22% used [0x00000000c0000000,0x00000000c09cc290,0x00000000c2b00000)
 Metaspace       used 17383K, capacity 17514K, committed 17792K, reserved 1064960K
  class space    used 2144K, capacity 2175K, committed 2176K, reserved 1048576K
}
Event: 2.867 GC heap before
{Heap before GC invocations=6 (full 0):
 PSYoungGen      total 68096K, used 68068K [0x00000000eab00000, 0x00000000f3c00000, 0x0000000100000000)
  eden space 65536K, 100% used [0x00000000eab00000,0x00000000eeb00000,0x00000000eeb00000)
  from space 2560K, 98% used [0x00000000eeb00000,0x00000000eed791b0,0x00000000eed80000)
  to   space 8704K, 0% used [0x00000000f3380000,0x00000000f3380000,0x00000000f3c00000)
 ParOldGen       total 44032K, used 10032K [0x00000000c0000000, 0x00000000c2b00000, 0x00000000eab00000)
  object space 44032K, 22% used [0x00000000c0000000,0x00000000c09cc290,0x00000000c2b00000)
 Metaspace       used 20807K, capacity 21008K, committed 21296K, reserved 1069056K
  class space    used 2566K, capacity 2587K, committed 2688K, reserved 1048576K
Event: 2.880 GC heap after
Heap after GC invocations=6 (full 0):
 PSYoungGen      total 138752K, used 7010K [0x00000000eab00000, 0x00000000f3e00000, 0x0000000100000000)
  eden space 130048K, 0% used [0x00000000eab00000,0x00000000eab00000,0x00000000f2a00000)
  from space 8704K, 80% used [0x00000000f3380000,0x00000000f3a58ba8,0x00000000f3c00000)
  to   space 9728K, 0% used [0x00000000f2a00000,0x00000000f2a00000,0x00000000f3380000)
 ParOldGen       total 44032K, used 10032K [0x00000000c0000000, 0x00000000c2b00000, 0x00000000eab00000)
  object space 44032K, 22% used [0x00000000c0000000,0x00000000c09cc290,0x00000000c2b00000)
 Metaspace       used 20807K, capacity 21008K, committed 21296K, reserved 1069056K
  class space    used 2566K, capacity 2587K, committed 2688K, reserved 1048576K
}
Event: 2.907 GC heap before
{Heap before GC invocations=7 (full 0):
 PSYoungGen      total 138752K, used 10824K [0x00000000eab00000, 0x00000000f3e00000, 0x0000000100000000)
  eden space 130048K, 2% used [0x00000000eab00000,0x00000000eaeb9470,0x00000000f2a00000)
  from space 8704K, 80% used [0x00000000f3380000,0x00000000f3a58ba8,0x00000000f3c00000)
  to   space 9728K, 0% used [0x00000000f2a00000,0x00000000f2a00000,0x00000000f3380000)
 ParOldGen       total 44032K, used 10032K [0x00000000c0000000, 0x00000000c2b00000, 0x00000000eab00000)
  object space 44032K, 22% used [0x00000000c0000000,0x00000000c09cc290,0x00000000c2b00000)
 Metaspace       used 20969K, capacity 21136K, committed 21296K, reserved 1069056K
  class space    used 2589K, capacity 2651K, committed 2688K, reserved 1048576K
Event: 2.917 GC heap after
Heap after GC invocations=7 (full 0):
 PSYoungGen      total 139776K, used 4368K [0x00000000eab00000, 0x00000000fbb00000, 0x0000000100000000)
  eden space 130048K, 0% used [0x00000000eab00000,0x00000000eab00000,0x00000000f2a00000)
  from space 9728K, 44% used [0x00000000f2a00000,0x00000000f2e44020,0x00000000f3380000)
  to   space 9216K, 0% used [0x00000000fb200000,0x00000000fb200000,0x00000000fbb00000)
 ParOldGen       total 44032K, used 10658K [0x00000000c0000000, 0x00000000c2b00000, 0x00000000eab00000)
  object space 44032K, 24% used [0x00000000c0000000,0x00000000c0a68b40,0x00000000c2b00000)
 Metaspace       used 20969K, capacity 21136K, committed 21296K, reserved 1069056K
  class space    used 2589K, capacity 2651K, committed 2688K, reserved 1048576K
}
Event: 2.917 GC heap before
{Heap before GC invocations=8 (full 1):
 PSYoungGen      total 139776K, used 4368K [0x00000000eab00000, 0x00000000fbb00000, 0x0000000100000000)
  eden space 130048K, 0% used [0x00000000eab00000,0x00000000eab00000,0x00000000f2a00000)
  from space 9728K, 44% used [0x00000000f2a00000,0x00000000f2e44020,0x00000000f3380000)
  to   space 9216K, 0% used [0x00000000fb200000,0x00000000fb200000,0x00000000fbb00000)
 ParOldGen       total 44032K, used 10658K [0x00000000c0000000, 0x00000000c2b00000, 0x00000000eab00000)
  object space 44032K, 24% used [0x00000000c0000000,0x00000000c0a68b40,0x00000000c2b00000)
 Metaspace       used 20969K, capacity 21136K, committed 21296K, reserved 1069056K
  class space    used 2589K, capacity 2651K, committed 2688K, reserved 1048576K
Event: 2.960 GC heap after
Heap after GC invocations=8 (full 1):
 PSYoungGen      total 139776K, used 0K [0x00000000eab00000, 0x00000000fbb00000, 0x0000000100000000)
  eden space 130048K, 0% used [0x00000000eab00000,0x00000000eab00000,0x00000000f2a00000)
  from space 9728K, 0% used [0x00000000f2a00000,0x00000000f2a00000,0x00000000f3380000)
  to   space 9216K, 0% used [0x00000000fb200000,0x00000000fb200000,0x00000000fbb00000)
 ParOldGen       total 35328K, used 10957K [0x00000000c0000000, 0x00000000c2280000, 0x00000000eab00000)
  object space 35328K, 31% used [0x00000000c0000000,0x00000000c0ab36d8,0x00000000c2280000)
 Metaspace       used 20969K, capacity 21136K, committed 21296K, reserved 1069056K
  class space    used 2589K, capacity 2651K, committed 2688K, reserved 1048576K
}
Event: 4.276 GC heap before
{Heap before GC invocations=9 (full 1):
 PSYoungGen      total 139776K, used 130048K [0x00000000eab00000, 0x00000000fbb00000, 0x0000000100000000)
  eden space 130048K, 100% used [0x00000000eab00000,0x00000000f2a00000,0x00000000f2a00000)
  from space 9728K, 0% used [0x00000000f2a00000,0x00000000f2a00000,0x00000000f3380000)
  to   space 9216K, 0% used [0x00000000fb200000,0x00000000fb200000,0x00000000fbb00000)
 ParOldGen       total 35328K, used 10957K [0x00000000c0000000, 0x00000000c2280000, 0x00000000eab00000)
  object space 35328K, 31% used [0x00000000c0000000,0x00000000c0ab36d8,0x00000000c2280000)
 Metaspace       used 29408K, capacity 29748K, committed 29952K, reserved 1075200K
  class space    used 3685K, capacity 3777K, committed 3840K, reserved 1048576K
Event: 4.290 GC heap after
Heap after GC invocations=9 (full 1):
 PSYoungGen      total 246272K, used 9202K [0x00000000eab00000, 0x00000000fbb00000, 0x0000000100000000)
  eden space 237056K, 0% used [0x00000000eab00000,0x00000000eab00000,0x00000000f9280000)
  from space 9216K, 99% used [0x00000000fb200000,0x00000000fbafc8f0,0x00000000fbb00000)
  to   space 10752K, 0% used [0x00000000fa600000,0x00000000fa600000,0x00000000fb080000)
 ParOldGen       total 35328K, used 10965K [0x00000000c0000000, 0x00000000c2280000, 0x00000000eab00000)
  object space 35328K, 31% used [0x00000000c0000000,0x00000000c0ab56d8,0x00000000c2280000)
 Metaspace       used 29408K, capacity 29748K, committed 29952K, reserved 1075200K
  class space    used 3685K, capacity 3777K, committed 3840K, reserved 1048576K
}

